<?xml version="1.0" encoding="UTF-8"?>
<testng-results ignored="0" total="1" passed="1" failed="0" skipped="0">
  <reporter-output>
  </reporter-output>
  <suite started-at="2021-12-01T07:09:36 CST" name="Default suite" finished-at="2021-12-01T07:09:41 CST" duration-ms="4424">
    <groups>
    </groups>
    <test started-at="2021-12-01T07:09:36 CST" name="Default test" finished-at="2021-12-01T07:09:41 CST" duration-ms="4424">
      <class name="tests.XMLSchemaValidation">
        <test-method signature="schemaValidation()[pri:0, instance:tests.XMLSchemaValidation@3d1cfad4]" started-at="2021-12-01T07:09:36 CST" name="schemaValidation" finished-at="2021-12-01T07:09:41 CST" duration-ms="4377" status="PASS">
          <reporter-output>
          </reporter-output>
        </test-method> <!-- schemaValidation -->
      </class> <!-- tests.XMLSchemaValidation -->
    </test> <!-- Default test -->
  </suite> <!-- Default suite -->
</testng-results>
